<?xml version="1.0" encoding="UTF-8"?>
<!-- Generated by org.testng.reporters.JUnitXMLReporter -->
<testsuite ignored="0" hostname="Swatilekhas-MacBook-Pro.local" failures="0" tests="3" name="Employee List Tests" time="33.706" errors="0" timestamp="2026-01-26T01:07:43 IST">
  <testcase classname="com.eaapp.tests.EmployeeListTest" name="testCreateNewEmployee" time="14.063"/>
  <testcase classname="com.eaapp.tests.EmployeeListTest" name="testEmployeeListPageLoads" time="3.564"/>
  <testcase classname="com.eaapp.tests.EmployeeListTest" name="testSearchEmployee" time="13.615"/>
</testsuite> <!-- Employee List Tests -->
