<?xml version="1.0" encoding="UTF-8"?>
<!-- Generated by org.testng.reporters.JUnitXMLReporter -->
<testsuite ignored="0" hostname="Swatilekhas-MacBook-Pro.local" failures="0" tests="2" name="Home Page Tests" time="10.702" errors="0" timestamp="2026-01-26T01:07:04 IST">
  <testcase classname="com.eaapp.tests.HomePageTest" name="testHomePageLoads" time="4.097"/>
  <testcase classname="com.eaapp.tests.HomePageTest" name="testNavigateToEmployeeList" time="4.803"/>
</testsuite> <!-- Home Page Tests -->
