<?xml version="1.0" encoding="UTF-8"?>
<!-- Generated by org.testng.reporters.JUnitXMLReporter -->
<testsuite ignored="0" hostname="Swatilekhas-MacBook-Pro.local" failures="0" tests="3" name="Login Tests" time="16.208" errors="0" timestamp="2026-01-26T01:06:48 IST">
  <testcase classname="com.eaapp.tests.LoginTest" name="testLoginPageElementsVisible" time="3.742"/>
  <testcase classname="com.eaapp.tests.LoginTest" name="testLoginWithInvalidCredentials" time="4.386"/>
  <testcase classname="com.eaapp.tests.LoginTest" name="testUserLoginWithValidCredentials" time="4.828"/>
</testsuite> <!-- Login Tests -->
