<?xml version="1.0" encoding="UTF-8"?>
<testsuite xmlns:xsi="http://www.w3.org/2001/XMLSchema-instance" xsi:noNamespaceSchemaLocation="https://maven.apache.org/surefire/maven-surefire-plugin/xsd/surefire-test-report-3.0.xsd" version="3.0" name="com.eaapp.tests.LoginTest" time="11.901" tests="1" errors="0" skipped="0" failures="0">
  <properties>
[...]
</properties>
  <testcase name="testEnhancedLogin" classname="com.eaapp.tests.LoginTest" time="5.158">
    <system-out><![CDATA[2026-02-04 13:13:53,481 [main] INFO  LoginTest - ========== Starting Test ==========
2026-02-04 13:13:53,542 [main] INFO  TestConfiguration - Configuration loaded successfully
2026-02-04 13:13:53,983 [main] INFO  WebDriverManager - Using chromedriver 144.0.7559.109 (resolved driver for Chrome 144)
2026-02-04 13:13:53,989 [main] INFO  WebDriverManager - Exporting webdriver.chrome.driver as /Users/swabeher/.cache/selenium/chromedriver/mac-arm64/144.0.7559.109/chromedriver
2026-02-04 13:13:54,872 [main] INFO  WebDriverFactory - WebDriver initialized: chrome
2026-02-04 13:13:54,874 [main] INFO  LoginTest - WebDriver initialized successfully
2026-02-04 13:13:54,888 [main] INFO  LLMClient - LLMClient initialized - Endpoint: http://localhost:11434/api/generate, Model: qwen3-vl:235b-instruct-cloud, Stream: false
2026-02-04 13:13:54,893 [main] INFO  LoginTest - Test: Enhanced Login with LLM
2026-02-04 13:13:56,552 [main] INFO  BasePage - Navigated to: https://rahulshettyacademy.com/loginpagePractise/
2026-02-04 13:13:56,560 [main] INFO  LLMClient - Calling LLM with prompt: The Selenium web element with locatorType: By.id and locator value: username cannot be found on the page.
Based on the current page source, suggest alternative Selenium locators that might work.

IMPORTANT: Return ONLY a valid JSON object with these keys: id, name, xpath, cssSelector, className, linkText.
- id
- name
- xpath
- cssSelector
- className
- linkText

Format as a proper JSON with double quotes. Do not include any text before or after the JSON object.
Do not include explanations or comments, just return the JSON object.

Page source (truncated): <html><head>
	<!-- Google Tag Manager -->
	<script type="text/javascript" async="" src="https://snap.licdn.com/li.lms-analytics/insight.min.js"></script><script src="https://connect.facebook.net/signals/config/1322674182967749?v=2.9.256&amp;r=stable&amp;domain=rahulshettyacademy.com&amp;hme=18f1088ef3e8892a74f943ddaee05e3bbd28c980d3b65c4c57d9fe86969d4bce&amp;ex_m=95%2C158%2C135%2C20%2C67%2C68%2C128%2C63%2C42%2C129%2C72%2C62%2C10%2C142%2C81%2C15%2C94%2C123%2C116%2C70%2C73%2C122%2C139%2C103%2C144%2C7%2C3%2C4%2C6%2C5%2C2%2C82%2C92%2C145%2C226%2C170%2C56%2C228%2C229%2C49%2C185%2C27%2C69%2C234%2C233%2C173%2C29%2C55%2C9%2C58%2C88%2C89%2C90%2C96%2C119%2C28%2C26%2C121%2C118%2C117%2C136%2C71%2C138%2C137%2C44%2C54%2C112%2C14%2C141%2C39%2C215%2C217%2C180%2C23%2C24%2C25%2C17%2C18%2C38%2C34%2C36%2C35%2C77%2C83%2C87%2C101%2C127%2C130%2C40%2C102%2C21%2C19%2C108%2C64%2C32%2C132%2C131%2C133%2C124%2C22%2C31%2C53%2C100%2C140%2C65%2C16%2C134%2C105%2C76%2C61%2C30%2C195%2C165%2C285%2C213%2C156%2C198%2C191%2C166%2C98%2C120%2C75%2C110%2C48%2C41%2C43%2C104%2C109%2C115%2C52%2C59%2C114%2C47%2C50%2C46%2C91%2C143%2C0%2C113%2C13%2C111%2C11%2C1%2C51%2C84%2C57%2C60%2C107%2C80%2C79%2C146%2C147%2C85%2C86%2C8%2C93%2C45%2C125%2C78%2C74%2C66%2C106%2C97%2C37%2C126%2C33%2C99%2C12%2C148" async=""></script><script type="text/javascript" async="" src="https://connect.facebook.net/en_US/fbevents.js"></script><script type="text/javascript" async="" src="https://www.googletagmanager.com/gtag/js?id=G-NVJT9K1HZ2&amp;cx=c&amp;gtm=4e6221"></script><script type="text/javascript" async="" src="https://www.googletagmanager.com/gtag/js?id=AW-16651005713&amp;cx=c&amp;gtm=4e6221"></script><script async="" src="https://www.googletagmanager.com/gtm.js?id=GTM-PVBTJWPP"></script><script>(function (w, d, s, l, i) {
			w[l] = w[l] || []; w[l].push({
				'gtm.start':
					new Date().getTime(), event: 'gtm.js'
			}); var f = d.getElementsByTagName(s)[0],
				j = d.createElement(s), dl = l != 'dataLayer' ? '&l=' + l : ''; j.async = true; j.src =
					'https://www.googletagmanager.com/gtm.js?id=' + i + dl; f.parentNode.insertBefore(j, f);
		})(window, document, 'script', 'dataLayer', 'GTM-PVBTJWPP');</script>
	<!-- End Google Tag Manager -->

	<title>LoginPage Practise | Rahul Shetty Academy</title>
	<link href="https://maxcdn.bootstrapcdn.com/bootstrap/4.1.1/css/bootstrap.min.css" rel="stylesheet" id="bootstrap-css">
	<script src="https://cdnjs.cloudflare.com/ajax/libs/jquery/3.2.1/jquery.min.js"></script>
	<script src="https://maxcdn.bootstrapcdn.com/bootstrap/4.1.1/js/bootstrap.min.js"></script>
	<style>
		body {
			margin: 0;
			padding: 0;
			background: rgb(2, 0, 36);
			background: linear-gradient(90deg, rgba(2, 0, 36, 1) 0%, rgba(9, 121, 99, 1) 24%, rgba(0, 212, 255, 1) 100%);
			height: 100vh;
		}

		#login .container #login-row #login-column #login-box {
			margin-top: 120px;
			max-width: 600px;
			min-height: 320px;
			background-color: #236258;
			opacity: 0.9;
		}

		#login .container #login-row #login-column #login-box #login-form {
			padding: 20px;
		}

		#login .container #login-row #login-column #login-box #login-form #register-link {
			margin-top: -85px;
		}

		.container {
			margin-top: -75px;
		}

		.icon-circled {
			border-radius: 50%;
			border: 4px solid #236258;
			padding: 57px 23px 22px 25px;
			color: #236258;
			margin-left: 500px;
		}

		.btn-info,
		.btn-success,
		.btn-secondary {
			color: #fff;
			border-radius: 0px;
			padding: 6px 27px;
			font-weight: bold;
		}

		.btn-info {
			background-color: #1d8ea0;
			border-color: #1d8ea0;
		}

		.alert-danger {
			color: #ffffff;
			background-color: #d25460;
			border-color: #f19ea6;
			border-radius: 0px;
		}

		.radiotextsty {
			color: #fff;
			font-size: 18px;
		}

		.customradio {
			display: block;
			position: relative;
			padding-left: 30px;
			margin-bottom: 0px;
			cursor: pointer;
			font-size: 18px;
			-webkit-user-select: none;
			-moz-user-select: none;
			-ms-user-select: none;
			user-select: none;
		}

		.customradio input {
			position: absolute;
			opacity: 0;
			cursor: pointer;
		}

		.checkmark {
			position: absolute;
			top: 0;
			left: 0;
			height: 22px;
			width: 22px;
			background-color: white;
			border-radius: 50%;
			border: 1px solid #BEBEBE;
		}

		.customradio:hover input~.checkmark {
			background-color: transparent;
		}

		.customradio input:checked~.checkmark {
			background-color: white;
		}

		.checkmark:after {
			content: "";
			position: absolute;
			display: none;
		}

		.customradio input:checked~.checkmark:after {
			display: block;
		}

		.customradio .checkmark:after {
			top: 2px;
			left: 2px;
			width: 16px;
			height: 16px;
			border-radius: 50%;
			background: #317d68;
		}

		#myModal .modal-content {
			border-radius: 0;
			background: #333;
			color: #fff;
			opacity: 0.8;
		}

		#myModal .modal-footer {
			border-top: 0;
			padding: 0 0 10px 0;
		}

		.termsText a {
			color: #fff;
			font-weight: bold;
			text-decoration: underline;
		}

		a.blinkingText {
			float: right;
			margin-top: 12px;
			font-weight: bold;
			padding: 10px;
			background: #27b35f;
			font-size: 20px;
			color: #fff !important;
			animation: blink 1s linear infinite;
			text-decoration: underline;
			cursor: pointer;
		}

		@keyframes blink {
			0% {
				opacity: 0;
			}

			50% {
				opacity: 0.8;
			}

			100% {
				opacity: 1;
			}
		}

		@media (max-width: 650px) {
			a.blinkingText {
				font-size: 16px;
				margin-top: 0px;
			}
		}
	</style>
<script type="text/javascript" async="" src="https://googleads.g.doubleclick.net/pagead/viewthroughconversion/16651005713/?random=1770191035570&amp;cv=11&amp;fst=1770191035570&amp;bg=ffffff&amp;guid=ON&amp;async=1&amp;en=gtag.config&amp;gtm=45be6221v9237732300z89237596770za20gzb9237596770zd9237596770xec&amp;gcd=13l3l3l3l1l1&amp;dma=0&amp;tag_exp=103116026~103200004~104527906~104528500~104684208~104684211~115616986~115938465~115938469~116185181~116185182~116988316~117041587&amp;u_w=1512&amp;u_h=982&amp;url=https%3A%2F%2Frahulshettyacademy.com%2FloginpagePractise%2F&amp;frm=0&amp;tiba=LoginPage%20Practise%20%7C%20Rahul%20Shetty%20Academy&amp;hn=www.googleadservices.com&amp;npa=0&amp;pscdl=noapi&amp;auid=161356894.1770191035&amp;uaa=arm&amp;uab=64&amp;uafvl=Not(A%253ABrand%3B8.0.0.0%7CChromium%3B144.0.7559.132%7CGoogle%2520Chrome%3B144.0.7559.132&amp;uamb=0&amp;uam=&amp;uap=macOS&amp;uapv=26.2.0&amp;uaw=0&amp;data=event%3Dgtag.config&amp;rfmt=3&amp;fmt=4"></script></head>

<body>
	<!-- Google Tag Manager (noscript) -->
	<noscript><iframe src="https://www.googletagmanager.com/ns.html?id=GTM-PVBTJWPP" height="0" width="0"
			style="display:none;visibility:hidden"></iframe></noscript>
	<!-- End Google Tag Manager (noscript) -->
	<a href="https://rahulshettyacademy.com/documents-request" class="blinkingText" target="_blank">Free Access to
		InterviewQues/ResumeAssistance/Material</a>
	<div id="login">
		<h3 class="text-center pt-5">
			<span class="icon-circled">
				<svg width="2em" height="2em" viewBox="0 0 16 16" class="bi bi-lock" fill="currentColor" xmlns="http://www.w3.org/2000/svg">
					<path fill-rule="evenodd" d="M11.5 8h-7a1 1 0 0 0-1 1v5a1 1 0 0 0 1 1h7a1 1 0 0 0 1-1V9a1 1 0 0 0-1-1zm-7-1a2 2 0 0 0-2 2v5a2 2 0 0 0 2 2h7a2 2 0 0 0 2-2V9a2 2 0 0 0-2-2h-7zm0-3a3.5 3.5 0 1 1 7 0v3h-1V4a2.5 2.5 0 0 0-5 0v3h-1V4z"></path>
				</svg>
			</span>
		</h3><br>
		<div class="container">
			<div id="login-row" class="row justify-content-center align-items-center">
				<div id="login-column" class="col-md-6">
					<div id="login-box" class="col-md-12">
						<form id="login-form" name="loginForm" class="form" action="" method="post">
							<div class="alert alert-danger col-md-12" style="display: none">
								<strong>Incorrect</strong> username/password.
							</div>
							<div class="form-group">
								<label for="username" class="text-white">Username:</label><br>
								<input type="text" name="username" id="username" class="form-control">
							</div>
							<div class="form-group">
								<label for="password" class="text-white">Password:</label><br>
								<input type="password" name="password" id="password" class="form-control">
							</div>
							<div class="form-group">
								<div class="form-check-inline">
									<label class="customradio"><span class="radiotextsty">Admin</span>
										<input type="radio" value="admin" id="usertype" checked="checked" name="radio">
										<span class="checkmark"></span>
									</label>&nbsp;&nbsp;
									<label class="customradio"><span class="radiotextsty"> User</span>
										<input type="radio" value="user" id="usertype" name="radio">
										<span class="checkmark"></span>
									</label>
								</div>
							</div>
							<div class="form-group">
								<select class="form-control" data-style="btn-info">
									<option value="stud">Student</option>
									<option value="teach">Teacher</option>
									<option value="consult">Consultant</option>
								</select>
							</div>
							<div class="form-group">
								<label for="terms" class="text-info">
									<span>
										<input id="terms" name="terms" type="checkbox">
									</span>
									<span class="text-white termsText">I Agree to the <a href="#">terms and
											conditions</a></span>
								</label><br>
								<input id="signInBtn" type="submit" name="signin" class="btn btn-info btn-md" value="Sign In">
							</div>
							<div class="form-group">
								<p class="text-center text-white">(username is <b><i>rahulshettyacademy</i></b> and
									Password is <b><i>Learning@830$3mK2</i></b>)</p>
							</div>
						</form>
					</div>
				</div>
			</div>
		</div>
	</div>
	<div id="myModal" class="modal fade">
		<div class="modal-dialog modal-confirm">
			<div class="modal-content">
				<div class="modal-body">
					<p>You will be limited to only fewer functionalities of the app. Proceed?</p>
				</div>
				<div class="modal-footer justify-content-center">
					<button type="button" id="cancelBtn" class="btn btn-secondary" data-dismiss="modal">Cancel</button>
					<button type="button" id="okayBtn" class="btn btn-success" autofocus="">Okay</button>
				</div>
			</div>
		</div>
	</div>
	<script>
		var loginForm = document.getElementById("login-form");
		var signInBtn = document.getElementById("signInBtn");
		var username = document.getElementById("username");
		var password = document.getElementById("password");
		var alertMsg = document.querySelector(".alert-danger");
		var radioBtns = loginForm.querySelectorAll("input[type='radio'");
		var okayBtn = document.getElementById("okayBtn");
		var cancelBtn = document.getElementById("cancelBtn");
		var redirectURL = "https://rahulshettyacademy.com/angularpractice/shop";

		signInBtn.addEventListener("click", signInFunc);
		okayBtn.addEventListener("click", okayBtnFunc);
		cancelBtn.addEventListener("click", cancelBtnFunc);
		loginForm.addEventListener("submit", submitBtn);

		for (var i = 0; i < radioBtns.length; i++) {
			radioBtns[i].addEventListener('change', toggleUserType);
		}

		function signInFunc() {
			if (username.value == ""
				|| password.value == "") {
				alertMsg.style.display = "block";
				alertMsg.innerHTML = "<strong>Empty</strong> username/password.";
				setTimeout(function () {
					alertMsg.style.display = "none";
				}, 2000)
				return false;
			}
			signInBtn.value = "Signing ..";
			setTimeout(function () {
				if (username.value == "rahulshettyacademy"
					&& password.value == "Learning@830$3mK2") {
					window.location.href = redirectURL;
				} else if (username.value == "rahulshettyacademy"
					&& password.value == "learning") {
					alertMsg.style.display = "block";
					alertMsg.innerHTML = "Old password \"learning\" is no longer valid. Please use the new password <strong>\"Learning@830$3mK2\"</strong>.";
					setTimeout(function () {
						alertMsg.style.display = "none";
					}, 20000)
					signInBtn.value = "Sign In";
				} else {
					alertMsg.style.display = "block";
					alertMsg.innerHTML = "<strong>Incorrect</strong> username/password.";
					setTimeout(function () {
						alertMsg.style.display = "none";
					}, 2000)
					signInBtn.value = "Sign In";
				}
			}, 2000);
		}

		function submitBtn(e) {
			e.preventDefault();
		}

		function toggleUserType(e) {
			if (e.currentTarget.value == "user") {
				e.preventDefault();
				$('#myModal').modal('show');
			}
		}

		function okayBtnFunc() {
			radioBtns[1].checked = true;
			$('#myModal').modal('hide');
		}

		function cancelBtnFunc() {
			radioBtns[0].checked = true;
		}
	</script><iframe height="0" width="0" style="display: none; visibility: hidden;"></iframe>


</body></html>
2026-02-04 13:14:00,049 [main] INFO  LLMClient - LLM Response: {
  "id": "username",
  "name": "username",
  "xpath": "//input[@id='username']",
  "cssSelector": "input#username",
  "className": "form-control",
  "linkText": ""
}
2026-02-04 13:14:00,049 [main] INFO  LoginTest - Enhanced login test completed
]]></system-out>
    <system-err><![CDATA[Feb 04, 2026 1:13:54 PM org.openqa.selenium.devtools.CdpVersionFinder findNearestMatch
WARNING: Unable to find CDP implementation matching 144
Feb 04, 2026 1:13:54 PM org.openqa.selenium.chromium.ChromiumDriver lambda$new$5
WARNING: Unable to find version of CDP to use for 144.0.7559.132. You may need to include a dependency on a specific version of the CDP using something similar to `org.seleniumhq.selenium:selenium-devtools-v86:4.15.0` where the version ("v86") matches the version of the chromium-based browser you're using and the version number of the artifact is the same as Selenium's.
]]></system-err>
  </testcase>
</testsuite>