<?xml version="1.0" encoding="UTF-8"?>
<testsuite xmlns:xsi="http://www.w3.org/2001/XMLSchema-instance" xsi:noNamespaceSchemaLocation="https://maven.apache.org/surefire/maven-surefire-plugin/xsd/surefire-test-report-3.0.xsd" version="3.0" name="TestSuite" time="75.944" tests="8" errors="0" skipped="0" failures="0">
  <properties>
[...]
</properties>
  <testcase name="testLoginPageElementsVisible" classname="com.eaapp.tests.LoginTest" time="3.742">
    <system-out><![CDATA[...
... TestNG 7.10.2 by Cédric Beust (cedric@beust.com)
...

2026-01-26 01:06:27,766 [TestNG-tests-1] INFO  LoginTest - ========== Starting Test ==========
2026-01-26 01:06:27,782 [TestNG-tests-1] INFO  TestConfiguration - Configuration loaded successfully
2026-01-26 01:06:27,960 [TestNG-tests-1] INFO  WebDriverManager - Using chromedriver 144.0.7559.96 (resolved driver for Chrome 144)
2026-01-26 01:06:27,967 [TestNG-tests-1] INFO  WebDriverManager - Exporting webdriver.chrome.driver as /Users/swabeher/.cache/selenium/chromedriver/mac-arm64/144.0.7559.96/chromedriver
2026-01-26 01:06:29,247 [TestNG-tests-1] INFO  WebDriverFactory - WebDriver initialized: chrome
2026-01-26 01:06:29,248 [TestNG-tests-1] INFO  LoginTest - WebDriver initialized successfully
2026-01-26 01:06:29,250 [TestNG-tests-1] INFO  LoginTest - Test: Login page elements are visible
2026-01-26 01:06:32,922 [TestNG-tests-1] INFO  BasePage - Navigated to: http://eaapp.somee.com/Account/Login
2026-01-26 01:06:32,991 [TestNG-tests-1] INFO  LoginTest - Login page elements test passed
]]></system-out>
    <system-err><![CDATA[Jan 26, 2026 1:06:29 AM org.openqa.selenium.devtools.CdpVersionFinder findNearestMatch
WARNING: Unable to find CDP implementation matching 144
Jan 26, 2026 1:06:29 AM org.openqa.selenium.chromium.ChromiumDriver lambda$new$5
WARNING: Unable to find version of CDP to use for 144.0.7559.97. You may need to include a dependency on a specific version of the CDP using something similar to `org.seleniumhq.selenium:selenium-devtools-v86:4.15.0` where the version ("v86") matches the version of the chromium-based browser you're using and the version number of the artifact is the same as Selenium's.
]]></system-err>
  </testcase>
  <testcase name="testLoginWithInvalidCredentials" classname="com.eaapp.tests.LoginTest" time="4.385">
    <system-out><![CDATA[2026-01-26 01:06:33,082 [TestNG-tests-1] INFO  LoginTest - WebDriver closed successfully
2026-01-26 01:06:33,082 [TestNG-tests-1] INFO  LoginTest - ========== Test Complete ==========

2026-01-26 01:06:33,082 [TestNG-tests-1] INFO  LoginTest - ========== Starting Test ==========
2026-01-26 01:06:33,087 [TestNG-tests-1] INFO  WebDriverManager - Using chromedriver 144.0.7559.96 (resolved driver for Chrome 144)
2026-01-26 01:06:33,089 [TestNG-tests-1] INFO  WebDriverManager - Exporting webdriver.chrome.driver as /Users/swabeher/.cache/selenium/chromedriver/mac-arm64/144.0.7559.96/chromedriver
2026-01-26 01:06:33,819 [TestNG-tests-1] INFO  WebDriverFactory - WebDriver initialized: chrome
2026-01-26 01:06:33,819 [TestNG-tests-1] INFO  LoginTest - WebDriver initialized successfully
2026-01-26 01:06:33,820 [TestNG-tests-1] INFO  LoginTest - Test: Login with invalid credentials
2026-01-26 01:06:37,618 [TestNG-tests-1] INFO  BasePage - Navigated to: http://eaapp.somee.com/Account/Login
2026-01-26 01:06:38,204 [TestNG-tests-1] INFO  LoginTest - Invalid login test passed
]]></system-out>
    <system-err><![CDATA[Jan 26, 2026 1:06:33 AM org.openqa.selenium.devtools.CdpVersionFinder findNearestMatch
WARNING: Unable to find CDP implementation matching 144
Jan 26, 2026 1:06:33 AM org.openqa.selenium.chromium.ChromiumDriver lambda$new$5
WARNING: Unable to find version of CDP to use for 144.0.7559.97. You may need to include a dependency on a specific version of the CDP using something similar to `org.seleniumhq.selenium:selenium-devtools-v86:4.15.0` where the version ("v86") matches the version of the chromium-based browser you're using and the version number of the artifact is the same as Selenium's.
]]></system-err>
  </testcase>
  <testcase name="testUserLoginWithValidCredentials" classname="com.eaapp.tests.LoginTest" time="4.828">
    <system-out><![CDATA[2026-01-26 01:06:38,299 [TestNG-tests-1] INFO  LoginTest - WebDriver closed successfully
2026-01-26 01:06:38,299 [TestNG-tests-1] INFO  LoginTest - ========== Test Complete ==========

2026-01-26 01:06:38,300 [TestNG-tests-1] INFO  LoginTest - ========== Starting Test ==========
2026-01-26 01:06:38,305 [TestNG-tests-1] INFO  WebDriverManager - Using chromedriver 144.0.7559.96 (resolved driver for Chrome 144)
2026-01-26 01:06:38,307 [TestNG-tests-1] INFO  WebDriverManager - Exporting webdriver.chrome.driver as /Users/swabeher/.cache/selenium/chromedriver/mac-arm64/144.0.7559.96/chromedriver
2026-01-26 01:06:39,029 [TestNG-tests-1] INFO  WebDriverFactory - WebDriver initialized: chrome
2026-01-26 01:06:39,029 [TestNG-tests-1] INFO  LoginTest - WebDriver initialized successfully
2026-01-26 01:06:39,029 [TestNG-tests-1] INFO  LoginTest - Test: User logs in with valid credentials
2026-01-26 01:06:42,839 [TestNG-tests-1] INFO  BasePage - Navigated to: http://eaapp.somee.com/Account/Login
2026-01-26 01:06:43,857 [TestNG-tests-1] INFO  LoginTest - Login test passed
]]></system-out>
    <system-err><![CDATA[Jan 26, 2026 1:06:39 AM org.openqa.selenium.devtools.CdpVersionFinder findNearestMatch
WARNING: Unable to find CDP implementation matching 144
Jan 26, 2026 1:06:39 AM org.openqa.selenium.chromium.ChromiumDriver lambda$new$5
WARNING: Unable to find version of CDP to use for 144.0.7559.97. You may need to include a dependency on a specific version of the CDP using something similar to `org.seleniumhq.selenium:selenium-devtools-v86:4.15.0` where the version ("v86") matches the version of the chromium-based browser you're using and the version number of the artifact is the same as Selenium's.
]]></system-err>
  </testcase>
  <testcase name="testHomePageLoads" classname="com.eaapp.tests.HomePageTest" time="4.096">
    <system-out><![CDATA[2026-01-26 01:06:43,957 [TestNG-tests-1] INFO  LoginTest - WebDriver closed successfully
2026-01-26 01:06:43,957 [TestNG-tests-1] INFO  LoginTest - ========== Test Complete ==========

2026-01-26 01:06:48,996 [TestNG-tests-1] INFO  HomePageTest - ========== Starting Test ==========
2026-01-26 01:06:49,004 [TestNG-tests-1] INFO  WebDriverManager - Using chromedriver 144.0.7559.96 (resolved driver for Chrome 144)
2026-01-26 01:06:49,008 [TestNG-tests-1] INFO  WebDriverManager - Exporting webdriver.chrome.driver as /Users/swabeher/.cache/selenium/chromedriver/mac-arm64/144.0.7559.96/chromedriver
2026-01-26 01:06:49,795 [TestNG-tests-1] INFO  WebDriverFactory - WebDriver initialized: chrome
2026-01-26 01:06:49,795 [TestNG-tests-1] INFO  HomePageTest - WebDriver initialized successfully
2026-01-26 01:06:49,796 [TestNG-tests-1] INFO  HomePageTest - Test: Home page loads correctly
2026-01-26 01:06:53,831 [TestNG-tests-1] INFO  BasePage - Navigated to: http://eaapp.somee.com
2026-01-26 01:06:53,893 [TestNG-tests-1] INFO  HomePageTest - Home page load test passed
]]></system-out>
    <system-err><![CDATA[Jan 26, 2026 1:06:49 AM org.openqa.selenium.devtools.CdpVersionFinder findNearestMatch
WARNING: Unable to find CDP implementation matching 144
Jan 26, 2026 1:06:49 AM org.openqa.selenium.chromium.ChromiumDriver lambda$new$5
WARNING: Unable to find version of CDP to use for 144.0.7559.97. You may need to include a dependency on a specific version of the CDP using something similar to `org.seleniumhq.selenium:selenium-devtools-v86:4.15.0` where the version ("v86") matches the version of the chromium-based browser you're using and the version number of the artifact is the same as Selenium's.
]]></system-err>
  </testcase>
  <testcase name="testNavigateToEmployeeList" classname="com.eaapp.tests.HomePageTest" time="4.803">
    <system-out><![CDATA[2026-01-26 01:06:53,980 [TestNG-tests-1] INFO  HomePageTest - WebDriver closed successfully
2026-01-26 01:06:53,980 [TestNG-tests-1] INFO  HomePageTest - ========== Test Complete ==========

2026-01-26 01:06:53,980 [TestNG-tests-1] INFO  HomePageTest - ========== Starting Test ==========
2026-01-26 01:06:53,983 [TestNG-tests-1] INFO  WebDriverManager - Using chromedriver 144.0.7559.96 (resolved driver for Chrome 144)
2026-01-26 01:06:53,984 [TestNG-tests-1] INFO  WebDriverManager - Exporting webdriver.chrome.driver as /Users/swabeher/.cache/selenium/chromedriver/mac-arm64/144.0.7559.96/chromedriver
2026-01-26 01:06:54,800 [TestNG-tests-1] INFO  WebDriverFactory - WebDriver initialized: chrome
2026-01-26 01:06:54,800 [TestNG-tests-1] INFO  HomePageTest - WebDriver initialized successfully
2026-01-26 01:06:54,800 [TestNG-tests-1] INFO  HomePageTest - Test: Navigate to Employee List
2026-01-26 01:06:58,926 [TestNG-tests-1] INFO  BasePage - Navigated to: http://eaapp.somee.com
2026-01-26 01:06:59,603 [TestNG-tests-1] INFO  HomePageTest - Navigate to Employee List test passed
]]></system-out>
    <system-err><![CDATA[Jan 26, 2026 1:06:54 AM org.openqa.selenium.devtools.CdpVersionFinder findNearestMatch
WARNING: Unable to find CDP implementation matching 144
Jan 26, 2026 1:06:54 AM org.openqa.selenium.chromium.ChromiumDriver lambda$new$5
WARNING: Unable to find version of CDP to use for 144.0.7559.97. You may need to include a dependency on a specific version of the CDP using something similar to `org.seleniumhq.selenium:selenium-devtools-v86:4.15.0` where the version ("v86") matches the version of the chromium-based browser you're using and the version number of the artifact is the same as Selenium's.
]]></system-err>
  </testcase>
  <testcase name="testCreateNewEmployee" classname="com.eaapp.tests.EmployeeListTest" time="14.062">
    <system-out><![CDATA[2026-01-26 01:06:59,696 [TestNG-tests-1] INFO  HomePageTest - WebDriver closed successfully
2026-01-26 01:06:59,696 [TestNG-tests-1] INFO  HomePageTest - ========== Test Complete ==========

2026-01-26 01:07:04,723 [TestNG-tests-1] INFO  EmployeeListTest - ========== Starting Test ==========
2026-01-26 01:07:04,730 [TestNG-tests-1] INFO  WebDriverManager - Using chromedriver 144.0.7559.96 (resolved driver for Chrome 144)
2026-01-26 01:07:04,733 [TestNG-tests-1] INFO  WebDriverManager - Exporting webdriver.chrome.driver as /Users/swabeher/.cache/selenium/chromedriver/mac-arm64/144.0.7559.96/chromedriver
2026-01-26 01:07:05,415 [TestNG-tests-1] INFO  WebDriverFactory - WebDriver initialized: chrome
2026-01-26 01:07:05,416 [TestNG-tests-1] INFO  EmployeeListTest - WebDriver initialized successfully
2026-01-26 01:07:05,417 [TestNG-tests-1] INFO  EmployeeListTest - Test: Create new employee
2026-01-26 01:07:09,451 [TestNG-tests-1] INFO  BasePage - Navigated to: http://eaapp.somee.com/Employee
2026-01-26 01:07:19,479 [TestNG-tests-1] INFO  EmployeeListTest - Create employee test passed
]]></system-out>
    <system-err><![CDATA[Jan 26, 2026 1:07:05 AM org.openqa.selenium.devtools.CdpVersionFinder findNearestMatch
WARNING: Unable to find CDP implementation matching 144
Jan 26, 2026 1:07:05 AM org.openqa.selenium.chromium.ChromiumDriver lambda$new$5
WARNING: Unable to find version of CDP to use for 144.0.7559.97. You may need to include a dependency on a specific version of the CDP using something similar to `org.seleniumhq.selenium:selenium-devtools-v86:4.15.0` where the version ("v86") matches the version of the chromium-based browser you're using and the version number of the artifact is the same as Selenium's.
]]></system-err>
  </testcase>
  <testcase name="testEmployeeListPageLoads" classname="com.eaapp.tests.EmployeeListTest" time="3.564">
    <system-out><![CDATA[2026-01-26 01:07:19,584 [TestNG-tests-1] INFO  EmployeeListTest - WebDriver closed successfully
2026-01-26 01:07:19,584 [TestNG-tests-1] INFO  EmployeeListTest - ========== Test Complete ==========

2026-01-26 01:07:19,584 [TestNG-tests-1] INFO  EmployeeListTest - ========== Starting Test ==========
2026-01-26 01:07:19,588 [TestNG-tests-1] INFO  WebDriverManager - Using chromedriver 144.0.7559.96 (resolved driver for Chrome 144)
2026-01-26 01:07:19,589 [TestNG-tests-1] INFO  WebDriverManager - Exporting webdriver.chrome.driver as /Users/swabeher/.cache/selenium/chromedriver/mac-arm64/144.0.7559.96/chromedriver
2026-01-26 01:07:20,371 [TestNG-tests-1] INFO  WebDriverFactory - WebDriver initialized: chrome
2026-01-26 01:07:20,371 [TestNG-tests-1] INFO  EmployeeListTest - WebDriver initialized successfully
2026-01-26 01:07:20,372 [TestNG-tests-1] INFO  EmployeeListTest - Test: Employee list page loads
2026-01-26 01:07:23,907 [TestNG-tests-1] INFO  BasePage - Navigated to: http://eaapp.somee.com/Employee
2026-01-26 01:07:23,935 [TestNG-tests-1] INFO  EmployeeListTest - Employee list page load test passed
]]></system-out>
    <system-err><![CDATA[Jan 26, 2026 1:07:20 AM org.openqa.selenium.devtools.CdpVersionFinder findNearestMatch
WARNING: Unable to find CDP implementation matching 144
Jan 26, 2026 1:07:20 AM org.openqa.selenium.chromium.ChromiumDriver lambda$new$5
WARNING: Unable to find version of CDP to use for 144.0.7559.97. You may need to include a dependency on a specific version of the CDP using something similar to `org.seleniumhq.selenium:selenium-devtools-v86:4.15.0` where the version ("v86") matches the version of the chromium-based browser you're using and the version number of the artifact is the same as Selenium's.
]]></system-err>
  </testcase>
  <testcase name="testSearchEmployee" classname="com.eaapp.tests.EmployeeListTest" time="13.614">
    <system-out><![CDATA[2026-01-26 01:07:24,029 [TestNG-tests-1] INFO  EmployeeListTest - WebDriver closed successfully
2026-01-26 01:07:24,029 [TestNG-tests-1] INFO  EmployeeListTest - ========== Test Complete ==========

2026-01-26 01:07:24,029 [TestNG-tests-1] INFO  EmployeeListTest - ========== Starting Test ==========
2026-01-26 01:07:24,033 [TestNG-tests-1] INFO  WebDriverManager - Using chromedriver 144.0.7559.96 (resolved driver for Chrome 144)
2026-01-26 01:07:24,035 [TestNG-tests-1] INFO  WebDriverManager - Exporting webdriver.chrome.driver as /Users/swabeher/.cache/selenium/chromedriver/mac-arm64/144.0.7559.96/chromedriver
2026-01-26 01:07:24,713 [TestNG-tests-1] INFO  WebDriverFactory - WebDriver initialized: chrome
2026-01-26 01:07:24,713 [TestNG-tests-1] INFO  EmployeeListTest - WebDriver initialized successfully
2026-01-26 01:07:24,713 [TestNG-tests-1] INFO  EmployeeListTest - Test: Search for employee
2026-01-26 01:07:28,276 [TestNG-tests-1] INFO  BasePage - Navigated to: http://eaapp.somee.com/Employee
2026-01-26 01:07:38,328 [TestNG-tests-1] INFO  EmployeeListTest - Employee search test passed
]]></system-out>
    <system-err><![CDATA[Jan 26, 2026 1:07:24 AM org.openqa.selenium.devtools.CdpVersionFinder findNearestMatch
WARNING: Unable to find CDP implementation matching 144
Jan 26, 2026 1:07:24 AM org.openqa.selenium.chromium.ChromiumDriver lambda$new$5
WARNING: Unable to find version of CDP to use for 144.0.7559.97. You may need to include a dependency on a specific version of the CDP using something similar to `org.seleniumhq.selenium:selenium-devtools-v86:4.15.0` where the version ("v86") matches the version of the chromium-based browser you're using and the version number of the artifact is the same as Selenium's.
]]></system-err>
  </testcase>
</testsuite>