<?xml version="1.0" encoding="UTF-8"?>
<testng-results ignored="0" total="1" passed="1" failed="0" skipped="0">
  <reporter-output>
  </reporter-output>
  <suite started-at="2026-02-04T13:13:53 IST" name="Surefire suite" finished-at="2026-02-04T13:14:00 IST" duration-ms="6694">
    <groups>
    </groups>
    <test started-at="2026-02-04T13:13:53 IST" name="Surefire test" finished-at="2026-02-04T13:14:00 IST" duration-ms="6694">
      <class name="com.eaapp.tests.LoginTest">
        <test-method is-config="true" signature="setUp()[pri:0, instance:com.eaapp.tests.LoginTest@1725dc0f]" started-at="2026-02-04T13:13:53 IST" name="setUp" finished-at="2026-02-04T13:13:54 IST" duration-ms="1411" status="PASS">
          <reporter-output>
          </reporter-output>
        </test-method> <!-- setUp -->
        <test-method signature="testEnhancedLogin()[pri:0, instance:com.eaapp.tests.LoginTest@1725dc0f]" started-at="2026-02-04T13:13:54 IST" name="testEnhancedLogin" description="Test enhanced login with LLM locator suggestion" finished-at="2026-02-04T13:14:00 IST" duration-ms="5157" status="PASS">
          <reporter-output>
          </reporter-output>
        </test-method> <!-- testEnhancedLogin -->
        <test-method is-config="true" signature="tearDown()[pri:0, instance:com.eaapp.tests.LoginTest@1725dc0f]" started-at="2026-02-04T13:14:00 IST" name="tearDown" finished-at="2026-02-04T13:14:00 IST" duration-ms="110" status="PASS">
          <reporter-output>
          </reporter-output>
        </test-method> <!-- tearDown -->
      </class> <!-- com.eaapp.tests.LoginTest -->
    </test> <!-- Surefire test -->
  </suite> <!-- Surefire suite -->
</testng-results>
