<?xml version="1.0" encoding="UTF-8"?>
<!-- Generated by org.testng.reporters.JUnitReportReporter -->
<testsuite hostname="Swatilekhas-MacBook-Pro.local" failures="0" tests="3" name="com.eaapp.tests.EmployeeListTest" time="33.702" errors="0" timestamp="2026-01-26T01:07:43 IST" skipped="0">
  <testcase classname="com.eaapp.tests.EmployeeListTest" name="testSearchEmployee" time="14.401"/>
  <testcase classname="com.eaapp.tests.EmployeeListTest" name="testCreateNewEmployee" time="14.845"/>
  <testcase classname="com.eaapp.tests.EmployeeListTest" name="testEmployeeListPageLoads" time="4.456"/>
</testsuite> <!-- com.eaapp.tests.EmployeeListTest -->
