<?xml version="1.0" encoding="UTF-8"?>
<!-- Generated by org.testng.reporters.JUnitReportReporter -->
<testsuite hostname="Swatilekhas-MacBook-Pro.local" failures="0" tests="2" name="com.eaapp.tests.HomePageTest" time="10.700" errors="0" timestamp="2026-01-26T01:07:43 IST" skipped="0">
  <testcase classname="com.eaapp.tests.HomePageTest" name="testNavigateToEmployeeList" time="5.690"/>
  <testcase classname="com.eaapp.tests.HomePageTest" name="testHomePageLoads" time="5.010"/>
</testsuite> <!-- com.eaapp.tests.HomePageTest -->
